[1/2] "C:/Program Files/Microsoft Visual Studio/18/Community/Common7/IDE/CommonExtensions/Microsoft/CMake/CMake/bin/cmake.exe" -E chdir ".." "C:/Program Files/Microsoft Visual Studio/18/Community/Common7/IDE/CommonExtensions/Microsoft/CMake/CMake/bin/cmake.exe" "D:/ReposGitHub/nLARN/vcpkg_installed/vcpkg/blds/pcre2/src/cre2-10.47-7b8426e64a.clean" "-G" "Ninja" "-DCMAKE_BUILD_TYPE=Release" "-DCMAKE_INSTALL_PREFIX=D:/ReposGitHub/nLARN/vcpkg_installed/vcpkg/pkgs/pcre2_x64-windows" "-DFETCHCONTENT_FULLY_DISCONNECTED=ON" "-DPCRE2_SUPPORT_JIT=ON" "-DBUILD_STATIC_LIBS=0" "-DPCRE2_STATIC_RUNTIME=0" "-DPCRE2_BUILD_PCRE2_8=ON" "-DPCRE2_BUILD_PCRE2_16=ON" "-DPCRE2_BUILD_PCRE2_32=ON" "-DPCRE2_SUPPORT_UNICODE=ON" "-DPCRE2_BUILD_TESTS=OFF" "-DPCRE2_BUILD_PCRE2GREP=OFF" "-DCMAKE_DISABLE_FIND_PACKAGE_BZip2=ON" "-DCMAKE_DISABLE_FIND_PACKAGE_ZLIB=ON" "-DCMAKE_DISABLE_FIND_PACKAGE_Readline=ON" "-DCMAKE_DISABLE_FIND_PACKAGE_Editline=ON" "-DINSTALL_MSVC_PDB=1" "-DCMAKE_MAKE_PROGRAM=C:/Program Files/Microsoft Visual Studio/18/Community/Common7/IDE/CommonExtensions/Microsoft/CMake/Ninja/ninja.exe" "-DBUILD_SHARED_LIBS=ON" "-DVCPKG_CHAINLOAD_TOOLCHAIN_FILE=C:/Program Files/Microsoft Visual Studio/18/Community/VC/vcpkg/scripts/toolchains/windows.cmake" "-DVCPKG_TARGET_TRIPLET=x64-windows" "-DVCPKG_SET_CHARSET_FLAG=ON" "-DVCPKG_PLATFORM_TOOLSET=v143" "-DCMAKE_EXPORT_NO_PACKAGE_REGISTRY=ON" "-DCMAKE_FIND_PACKAGE_NO_PACKAGE_REGISTRY=ON" "-DCMAKE_FIND_PACKAGE_NO_SYSTEM_PACKAGE_REGISTRY=ON" "-DCMAKE_INSTALL_SYSTEM_RUNTIME_LIBS_SKIP=TRUE" "-DCMAKE_VERBOSE_MAKEFILE=ON" "-DVCPKG_APPLOCAL_DEPS=OFF" "-DCMAKE_TOOLCHAIN_FILE=C:/Program Files/Microsoft Visual Studio/18/Community/VC/vcpkg/scripts/buildsystems/vcpkg.cmake" "-DCMAKE_ERROR_ON_ABSOLUTE_INSTALL_DESTINATION=ON" "-DVCPKG_CXX_FLAGS=" "-DVCPKG_CXX_FLAGS_RELEASE=" "-DVCPKG_CXX_FLAGS_DEBUG=" "-DVCPKG_C_FLAGS=" "-DVCPKG_C_FLAGS_RELEASE=" "-DVCPKG_C_FLAGS_DEBUG=" "-DVCPKG_CRT_LINKAGE=dynamic" "-DVCPKG_LINKER_FLAGS=" "-DVCPKG_LINKER_FLAGS_RELEASE=" "-DVCPKG_LINKER_FLAGS_DEBUG=" "-DVCPKG_TARGET_ARCHITECTURE=x64" "-DCMAKE_INSTALL_LIBDIR:STRING=lib" "-DCMAKE_INSTALL_BINDIR:STRING=bin" "-D_VCPKG_ROOT_DIR=C:/Program Files/Microsoft Visual Studio/18/Community/VC/vcpkg" "-D_VCPKG_INSTALLED_DIR=D:/ReposGitHub/nLARN/vcpkg_installed" "-DVCPKG_MANIFEST_INSTALL=OFF"
-- Using CMake version 4.1.1-msvc1 (C:/Program Files/Microsoft Visual Studio/18/Community/Common7/IDE/CommonExtensions/Microsoft/CMake/CMake/bin/cmake.exe)
-- The C compiler identification is MSVC 19.44.35221.0
-- Detecting C compiler ABI info
-- Detecting C compiler ABI info - done
-- Check for working C compiler: C:/Program Files/Microsoft Visual Studio/18/Community/VC/Tools/MSVC/14.44.35207/bin/HostX64/x64/cl.exe - skipped
-- Detecting C compile features
-- Detecting C compile features - done
-- Looking for assert.h
-- Looking for assert.h - found
-- Looking for dirent.h
-- Looking for dirent.h - not found
-- Looking for sys/stat.h
-- Looking for sys/stat.h - found
-- Looking for sys/types.h
-- Looking for sys/types.h - found
-- Looking for unistd.h
-- Looking for unistd.h - not found
-- Looking for windows.h
-- Looking for windows.h - found
-- Looking for mkostemp
-- Looking for mkostemp - not found
-- Looking for memfd_create
-- Looking for memfd_create - not found
-- Looking for secure_getenv
-- Looking for secure_getenv - not found
-- Performing Test HAVE_REALPATH
-- Performing Test HAVE_REALPATH - Failed
-- Performing Test HAVE_ATTRIBUTE_UNINITIALIZED
-- Performing Test HAVE_ATTRIBUTE_UNINITIALIZED - Failed
-- Performing Test HAVE_BUILTIN_ASSUME
-- Performing Test HAVE_BUILTIN_ASSUME - Success
-- Performing Test HAVE_BUILTIN_MUL_OVERFLOW
-- Performing Test HAVE_BUILTIN_MUL_OVERFLOW - Failed
-- Performing Test HAVE_BUILTIN_UNREACHABLE
-- Performing Test HAVE_BUILTIN_UNREACHABLE - Failed
-- Performing Test INTEL_CET_ENABLED
-- Performing Test INTEL_CET_ENABLED - Failed
-- 
-- 
-- PCRE2-10.47 configuration summary:
-- 
--   Install prefix .................... : D:/ReposGitHub/nLARN/vcpkg_installed/vcpkg/pkgs/pcre2_x64-windows
--   C compiler ........................ : C:/Program Files/Microsoft Visual Studio/18/Community/VC/Tools/MSVC/14.44.35207/bin/HostX64/x64/cl.exe
--   C compiler flags .................. :  /nologo /DWIN32 /D_WINDOWS /utf-8 /MP  /MD /O2 /Oi /Gy /DNDEBUG /Z7 
-- 
--   Build type ........................ : Release
--   Build 8 bit pcre2 library ......... : ON
--   Build 16 bit pcre2 library ........ : ON
--   Build 32 bit pcre2 library ........ : ON
--   Include debugging code ............ : IfDebugBuild
--   Enable JIT compiling support ...... : ON
--   Use SELinux allocator in JIT ...... : IGNORE
--   Enable Unicode support ............ : ON
--   Newline char/sequence ............. : LF
--   \R matches only ANYCRLF ........... : OFF
--   \C is disabled .................... : OFF
--   EBCDIC coding ..................... : OFF
--   EBCDIC code for NL ................ : n/a
--   EBCDIC coding ignoring compiler ... : OFF
--   Rebuild char tables ............... : OFF
--   Internal link size ................ : 2
--   Maximum variable lookbehind ....... : 255
--   Nested parentheses limit .......... : 250
--   Heap limit ........................ : 20000000
--   Match limit ....................... : 10000000
--   Match depth limit ................. : MATCH_LIMIT
--   Build shared libs ................. : ON
--       with symbol versioning ........ : n/a
--   Build static libs ................. : OFF
--       with PIC enabled .............. : OFF
--   Build pcre2grep ................... : OFF
--   Enable JIT in pcre2grep ........... : ON
--   Enable callouts in pcre2grep ...... : ON
--   Enable callout fork in pcre2grep .. : ON
--   Initial buffer size for pcre2grep . : 20480
--   Maximum buffer size for pcre2grep . : 1048576
--   Build tests (implies pcre2test .... : OFF
--                and pcre2grep)
--   Link pcre2grep with libz .......... : Library not found
--   Link pcre2grep with libbz2 ........ : Library not found
--   Link pcre2test with libeditline ... : Library not found
--   Link pcre2test with libreadline ... : Library not found
--   Enable Valgrind support ........... : OFF
--   Use %zu and %td ................... : AUTO
--   Install MSVC .pdb files ........... : 1
-- 
-- Configuring done (3.8s)
-- Generating done (0.1s)
CMake Warning:
  Manually-specified variables were not used by the project:

    FETCHCONTENT_FULLY_DISCONNECTED
    PCRE2_STATIC_RUNTIME
    _VCPKG_ROOT_DIR


-- Build files have been written to: D:/ReposGitHub/nLARN/vcpkg_installed/vcpkg/blds/pcre2/x64-windows-rel
[2/2] "C:/Program Files/Microsoft Visual Studio/18/Community/Common7/IDE/CommonExtensions/Microsoft/CMake/CMake/bin/cmake.exe" -E chdir "../../x64-windows-dbg" "C:/Program Files/Microsoft Visual Studio/18/Community/Common7/IDE/CommonExtensions/Microsoft/CMake/CMake/bin/cmake.exe" "D:/ReposGitHub/nLARN/vcpkg_installed/vcpkg/blds/pcre2/src/cre2-10.47-7b8426e64a.clean" "-G" "Ninja" "-DCMAKE_BUILD_TYPE=Debug" "-DCMAKE_INSTALL_PREFIX=D:/ReposGitHub/nLARN/vcpkg_installed/vcpkg/pkgs/pcre2_x64-windows/debug" "-DFETCHCONTENT_FULLY_DISCONNECTED=ON" "-DPCRE2_SUPPORT_JIT=ON" "-DBUILD_STATIC_LIBS=0" "-DPCRE2_STATIC_RUNTIME=0" "-DPCRE2_BUILD_PCRE2_8=ON" "-DPCRE2_BUILD_PCRE2_16=ON" "-DPCRE2_BUILD_PCRE2_32=ON" "-DPCRE2_SUPPORT_UNICODE=ON" "-DPCRE2_BUILD_TESTS=OFF" "-DPCRE2_BUILD_PCRE2GREP=OFF" "-DCMAKE_DISABLE_FIND_PACKAGE_BZip2=ON" "-DCMAKE_DISABLE_FIND_PACKAGE_ZLIB=ON" "-DCMAKE_DISABLE_FIND_PACKAGE_Readline=ON" "-DCMAKE_DISABLE_FIND_PACKAGE_Editline=ON" "-DINSTALL_MSVC_PDB=1" "-DCMAKE_MAKE_PROGRAM=C:/Program Files/Microsoft Visual Studio/18/Community/Common7/IDE/CommonExtensions/Microsoft/CMake/Ninja/ninja.exe" "-DBUILD_SHARED_LIBS=ON" "-DVCPKG_CHAINLOAD_TOOLCHAIN_FILE=C:/Program Files/Microsoft Visual Studio/18/Community/VC/vcpkg/scripts/toolchains/windows.cmake" "-DVCPKG_TARGET_TRIPLET=x64-windows" "-DVCPKG_SET_CHARSET_FLAG=ON" "-DVCPKG_PLATFORM_TOOLSET=v143" "-DCMAKE_EXPORT_NO_PACKAGE_REGISTRY=ON" "-DCMAKE_FIND_PACKAGE_NO_PACKAGE_REGISTRY=ON" "-DCMAKE_FIND_PACKAGE_NO_SYSTEM_PACKAGE_REGISTRY=ON" "-DCMAKE_INSTALL_SYSTEM_RUNTIME_LIBS_SKIP=TRUE" "-DCMAKE_VERBOSE_MAKEFILE=ON" "-DVCPKG_APPLOCAL_DEPS=OFF" "-DCMAKE_TOOLCHAIN_FILE=C:/Program Files/Microsoft Visual Studio/18/Community/VC/vcpkg/scripts/buildsystems/vcpkg.cmake" "-DCMAKE_ERROR_ON_ABSOLUTE_INSTALL_DESTINATION=ON" "-DVCPKG_CXX_FLAGS=" "-DVCPKG_CXX_FLAGS_RELEASE=" "-DVCPKG_CXX_FLAGS_DEBUG=" "-DVCPKG_C_FLAGS=" "-DVCPKG_C_FLAGS_RELEASE=" "-DVCPKG_C_FLAGS_DEBUG=" "-DVCPKG_CRT_LINKAGE=dynamic" "-DVCPKG_LINKER_FLAGS=" "-DVCPKG_LINKER_FLAGS_RELEASE=" "-DVCPKG_LINKER_FLAGS_DEBUG=" "-DVCPKG_TARGET_ARCHITECTURE=x64" "-DCMAKE_INSTALL_LIBDIR:STRING=lib" "-DCMAKE_INSTALL_BINDIR:STRING=bin" "-D_VCPKG_ROOT_DIR=C:/Program Files/Microsoft Visual Studio/18/Community/VC/vcpkg" "-D_VCPKG_INSTALLED_DIR=D:/ReposGitHub/nLARN/vcpkg_installed" "-DVCPKG_MANIFEST_INSTALL=OFF"
-- Using CMake version 4.1.1-msvc1 (C:/Program Files/Microsoft Visual Studio/18/Community/Common7/IDE/CommonExtensions/Microsoft/CMake/CMake/bin/cmake.exe)
-- The C compiler identification is MSVC 19.44.35221.0
-- Detecting C compiler ABI info
-- Detecting C compiler ABI info - done
-- Check for working C compiler: C:/Program Files/Microsoft Visual Studio/18/Community/VC/Tools/MSVC/14.44.35207/bin/HostX64/x64/cl.exe - skipped
-- Detecting C compile features
-- Detecting C compile features - done
-- Looking for assert.h
-- Looking for assert.h - found
-- Looking for dirent.h
-- Looking for dirent.h - not found
-- Looking for sys/stat.h
-- Looking for sys/stat.h - found
-- Looking for sys/types.h
-- Looking for sys/types.h - found
-- Looking for unistd.h
-- Looking for unistd.h - not found
-- Looking for windows.h
-- Looking for windows.h - found
-- Looking for mkostemp
-- Looking for mkostemp - not found
-- Looking for memfd_create
-- Looking for memfd_create - not found
-- Looking for secure_getenv
-- Looking for secure_getenv - not found
-- Performing Test HAVE_REALPATH
-- Performing Test HAVE_REALPATH - Failed
-- Performing Test HAVE_ATTRIBUTE_UNINITIALIZED
-- Performing Test HAVE_ATTRIBUTE_UNINITIALIZED - Failed
-- Performing Test HAVE_BUILTIN_ASSUME
-- Performing Test HAVE_BUILTIN_ASSUME - Success
-- Performing Test HAVE_BUILTIN_MUL_OVERFLOW
-- Performing Test HAVE_BUILTIN_MUL_OVERFLOW - Failed
-- Performing Test HAVE_BUILTIN_UNREACHABLE
-- Performing Test HAVE_BUILTIN_UNREACHABLE - Failed
-- Performing Test INTEL_CET_ENABLED
-- Performing Test INTEL_CET_ENABLED - Failed
-- 
-- 
-- PCRE2-10.47 configuration summary:
-- 
--   Install prefix .................... : D:/ReposGitHub/nLARN/vcpkg_installed/vcpkg/pkgs/pcre2_x64-windows/debug
--   C compiler ........................ : C:/Program Files/Microsoft Visual Studio/18/Community/VC/Tools/MSVC/14.44.35207/bin/HostX64/x64/cl.exe
--   C compiler flags .................. :  /nologo /DWIN32 /D_WINDOWS /utf-8 /MP  /MDd /Z7 /Ob0 /Od /RTC1 
-- 
--   Build type ........................ : Debug
--   Build 8 bit pcre2 library ......... : ON
--   Build 16 bit pcre2 library ........ : ON
--   Build 32 bit pcre2 library ........ : ON
--   Include debugging code ............ : IfDebugBuild
--   Enable JIT compiling support ...... : ON
--   Use SELinux allocator in JIT ...... : IGNORE
--   Enable Unicode support ............ : ON
--   Newline char/sequence ............. : LF
--   \R matches only ANYCRLF ........... : OFF
--   \C is disabled .................... : OFF
--   EBCDIC coding ..................... : OFF
--   EBCDIC code for NL ................ : n/a
--   EBCDIC coding ignoring compiler ... : OFF
--   Rebuild char tables ............... : OFF
--   Internal link size ................ : 2
--   Maximum variable lookbehind ....... : 255
--   Nested parentheses limit .......... : 250
--   Heap limit ........................ : 20000000
--   Match limit ....................... : 10000000
--   Match depth limit ................. : MATCH_LIMIT
--   Build shared libs ................. : ON
--       with symbol versioning ........ : n/a
--   Build static libs ................. : OFF
--       with PIC enabled .............. : OFF
--   Build pcre2grep ................... : OFF
--   Enable JIT in pcre2grep ........... : ON
--   Enable callouts in pcre2grep ...... : ON
--   Enable callout fork in pcre2grep .. : ON
--   Initial buffer size for pcre2grep . : 20480
--   Maximum buffer size for pcre2grep . : 1048576
--   Build tests (implies pcre2test .... : OFF
--                and pcre2grep)
--   Link pcre2grep with libz .......... : Library not found
--   Link pcre2grep with libbz2 ........ : Library not found
--   Link pcre2test with libeditline ... : Library not found
--   Link pcre2test with libreadline ... : Library not found
--   Enable Valgrind support ........... : OFF
--   Use %zu and %td ................... : AUTO
--   Install MSVC .pdb files ........... : 1
-- 
-- Configuring done (3.8s)
-- Generating done (0.1s)
CMake Warning:
  Manually-specified variables were not used by the project:

    FETCHCONTENT_FULLY_DISCONNECTED
    PCRE2_STATIC_RUNTIME
    _VCPKG_ROOT_DIR


-- Build files have been written to: D:/ReposGitHub/nLARN/vcpkg_installed/vcpkg/blds/pcre2/x64-windows-dbg
