libtool: warning: remember to run 'libtool --finish /D/ReposGitHub/nLARN/vcpkg_installed/x64-windows/lib'
cl : Command line warning D9002 : ignoring unknown option '--export-all-symbols'
cl : Command line warning D9002 : ignoring unknown option '-Xcompiler'
cl : Command line warning D9002 : ignoring unknown option '-Xcompiler'
cl : Command line warning D9002 : ignoring unknown option '-Xcompiler'
cl : Command line warning D9002 : ignoring unknown option '-Xcompiler'
cl : Command line warning D9002 : ignoring unknown option '-Xcompiler'
cl : Command line warning D9002 : ignoring unknown option '-Xcompiler'
cl : Command line warning D9002 : ignoring unknown option '-Xcompiler'
cl : Command line warning D9002 : ignoring unknown option '-Xcompiler'
cl : Command line warning D9002 : ignoring unknown option '-Xcompiler'
cl : Command line warning D9002 : ignoring unknown option '-Xcompiler'
cl : Command line warning D9002 : ignoring unknown option '-Xcompiler'
cl : Command line warning D9002 : ignoring unknown option '-Xcompiler'
cl : Command line warning D9002 : ignoring unknown option '-Xcompiler'
cl : Command line warning D9002 : ignoring unknown option '-Xcompiler'
cl : Command line warning D9002 : ignoring unknown option '-Xcompiler'
cl : Command line warning D9002 : ignoring unknown option '-Xcompiler'
cl : Command line warning D9002 : ignoring unknown option '-Xcompiler'
cl : Command line warning D9002 : cl : Command line warning D9002 : ignoring unknown option '-Xcompiler'ignoring unknown option '-Xcompiler'

cl : Command line warning D9002 : cl : Command line warning D9002 : ignoring unknown option '-Xcompiler'ignoring unknown option '-Xcompiler'

cl : Command line warning D9002 : cl : Command line warning D9002 : ignoring unknown option '-Xcompiler'ignoring unknown option '-Xcompiler'

cl : Command line warning D9002 : cl : Command line warning D9002 : ignoring unknown option '-Xcompiler'ignoring unknown option '-Xcompiler'

cl : Command line warning D9002 : cl : Command line warning D9002 : ignoring unknown option '-Xcompiler'ignoring unknown option '-Xcompiler'

cl : Command line warning D9002 : cl : Command line warning D9002 : ignoring unknown option '-Xcompiler'ignoring unknown option '-Xcompiler'

cl : Command line warning D9002 : cl : Command line warning D9002 : ignoring unknown option '-Xcompiler'ignoring unknown option '-Xcompiler'

cl : Command line warning D9002 : ignoring unknown option '-Xcompiler'
cl : Command line warning D9002 : ignoring unknown option '-Xcompiler'
cl : Command line warning D9002 : ignoring unknown option '-Xcompiler'
cl : Command line warning D9002 : ignoring unknown option '-Xcompiler'
cl : Command line warning D9002 : ignoring unknown option '-Xcompiler'
cl : Command line warning D9002 : ignoring unknown option '-Xcompiler'
cl : Command line warning D9002 : ignoring unknown option '-Xcompiler'
cl : Command line warning D9002 : ignoring unknown option '-Xcompiler'
cl : Command line warning D9002 : ignoring unknown option '-Xcompiler'
cl : Command line warning D9002 : cl : Command line warning D9002 : cl : Command line warning D9002 : ignoring unknown option '-Xcompiler'ignoring unknown option '-Xcompiler'
ignoring unknown option '-Xcompiler'
cl : Command line warning D9002 : 
cl : Command line warning D9002 : ignoring unknown option '-Xcompiler'cl : Command line warning D9002 : cl : Command line warning D9002 : ignoring unknown option '-Xcompiler'
ignoring unknown option '-Xcompiler'

cl : Command line warning D9002 : cl : Command line warning D9002 : ignoring unknown option '-Xcompiler'cl : Command line warning D9002 : ignoring unknown option '-Xcompiler'
ignoring unknown option '-Xcompiler'ignoring unknown option '-Xcompiler'

cl : Command line warning D9002 : 
cl : Command line warning D9002 : cl : Command line warning D9002 : ignoring unknown option '-Xcompiler'ignoring unknown option '-Xcompiler'ignoring unknown option '-Xcompiler'
cl : Command line warning D9002 : 

ignoring unknown option '-Xcompiler'cl : Command line warning D9002 : cl : Command line warning D9002 : ignoring unknown option '-Xcompiler'
ignoring unknown option '-Xcompiler'cl : Command line warning D9002 : 

ignoring unknown option '-Xcompiler'cl : Command line warning D9002 : cl : Command line warning D9002 : cl : Command line warning D9002 : ignoring unknown option '-Xcompiler'
ignoring unknown option '-Xcompiler'ignoring unknown option '-Xcompiler'cl : Command line warning D9002 : 


ignoring unknown option '-Xcompiler'cl : Command line warning D9002 : cl : Command line warning D9002 : cl : Command line warning D9002 : 
ignoring unknown option '-Xcompiler'ignoring unknown option '-Xcompiler'ignoring unknown option '-Xcompiler'

cl : Command line warning D9002 : 
cl : Command line warning D9002 : cl : Command line warning D9002 : ignoring unknown option '-Xcompiler'cl : Command line warning D9002 : ignoring unknown option '-Xcompiler'ignoring unknown option '-Xcompiler'
ignoring unknown option '-Xcompiler'

cl : Command line warning D9002 : 
ignoring unknown option '-Xcompiler'cl : Command line warning D9002 : 
cl : Command line warning D9002 : ignoring unknown option '-Xcompiler'ignoring unknown option '-Xcompiler'

cl : Command line warning D9002 : ignoring unknown option '-Xcompiler'
cl : Command line warning D9002 : ignoring unknown option '-Xcompiler'
cl : Command line warning D9002 : ignoring unknown option '-Xcompiler'
cl : Command line warning D9002 : ignoring unknown option '-Xcompiler'
cl : Command line warning D9002 : ignoring unknown option '-Xcompiler'
cl : Command line warning D9002 : ignoring unknown option '-Xcompiler'
cl : Command line warning D9002 : ignoring unknown option '-Xcompiler'
cl : Command line warning D9002 : ignoring unknown option '-Xcompiler'
cl : Command line warning D9002 : ignoring unknown option '-Xcompiler'
cl : Command line warning D9002 : ignoring unknown option '-Xcompiler'
cl : Command line warning D9002 : ignoring unknown option '-Xcompiler'
cl : Command line warning D9002 : ignoring unknown option '-Xcompiler'
cl : Command line warning D9002 : cl : Command line warning D9002 : ignoring unknown option '-Xcompiler'ignoring unknown option '-Xcompiler'

cl : Command line warning D9002 : cl : Command line warning D9002 : ignoring unknown option '-Xcompiler'ignoring unknown option '-Xcompiler'

cl : Command line warning D9002 : cl : Command line warning D9002 : ignoring unknown option '-Xcompiler'ignoring unknown option '-Xcompiler'

cl : Command line warning D9002 : cl : Command line warning D9002 : ignoring unknown option '-Xcompiler'ignoring unknown option '-Xcompiler'

cl : Command line warning D9002 : cl : Command line warning D9002 : ignoring unknown option '-Xcompiler'ignoring unknown option '-Xcompiler'

cl : Command line warning D9002 : ignoring unknown option '-Xcompiler'
cl : Command line warning D9002 : ignoring unknown option '-Xcompiler'
cl : Command line warning D9002 : ignoring unknown option '-Xcompiler'
cl : Command line warning D9002 : ignoring unknown option '-Xcompiler'
cl : Command line warning D9002 : ignoring unknown option '-Xcompiler'
cl : Command line warning D9002 : ignoring unknown option '-Xcompiler'
cl : Command line warning D9002 : ignoring unknown option '-Xcompiler'
cl : Command line warning D9002 : ignoring unknown option '-Xcompiler'
cl : Command line warning D9002 : ignoring unknown option '-Xcompiler'
cl : Command line warning D9002 : ignoring unknown option '-Xcompiler'
cl : Command line warning D9002 : ignoring unknown option '-Xcompiler'
cl : Command line warning D9002 : ignoring unknown option '-Xcompiler'
cl : Command line warning D9002 : ignoring unknown option '-Xcompiler'
cl : Command line warning D9002 : ignoring unknown option '-Xcompiler'
cl : Command line warning D9002 : ignoring unknown option '-Xcompiler'
cl : Command line warning D9002 : ignoring unknown option '-Xcompiler'
cl : Command line warning D9002 : ignoring unknown option '-Xcompiler'
cl : Command line warning D9002 : ignoring unknown option '-Xcompiler'
cl : Command line warning D9002 : ignoring unknown option '-Xcompiler'
cl : Command line warning D9002 : ignoring unknown option '-Xcompiler'
cl : Command line warning D9002 : ignoring unknown option '-Xcompiler'
cl : Command line warning D9002 : ignoring unknown option '-Xcompiler'
cl : Command line warning D9002 : ignoring unknown option '-Xcompiler'
cl : Command line warning D9002 : ignoring unknown option '-Xcompiler'
cl : Command line warning D9002 : ignoring unknown option '-Xcompiler'
cl : Command line warning D9002 : ignoring unknown option '-Xcompiler'
cl : Command line warning D9002 : ignoring unknown option '-Xcompiler'
cl : Command line warning D9002 : ignoring unknown option '-Xcompiler'
cl : Command line warning D9002 : ignoring unknown option '-Xcompiler'
cl : Command line warning D9002 : ignoring unknown option '-Xcompiler'
cl : Command line warning D9002 : ignoring unknown option '-Xcompiler'
cl : Command line warning D9002 : ignoring unknown option '-Xcompiler'
cl : Command line warning D9002 : ignoring unknown option '-Xcompiler'
cl : Command line warning D9002 : ignoring unknown option '-Xcompiler'
cl : Command line warning D9002 : ignoring unknown option '-Xcompiler'
cl : Command line warning D9002 : ignoring unknown option '-Xcompiler'
cl : Command line warning D9002 : ignoring unknown option '-Xcompiler'
cl : Command line warning D9002 : ignoring unknown option '-Xcompiler'
cl : Command line warning D9002 : ignoring unknown option '-Xcompiler'
cl : Command line warning D9002 : ignoring unknown option '-Xcompiler'
cl : Command line warning D9002 : ignoring unknown option '-Xcompiler'
cl : Command line warning D9002 : ignoring unknown option '-Xcompiler'
cl : Command line warning D9002 : ignoring unknown option '-Xcompiler'
cl : Command line warning D9002 : ignoring unknown option '-Xcompiler'
cl : Command line warning D9002 : ignoring unknown option '-Xcompiler'
cl : Command line warning D9002 : ignoring unknown option '-Xcompiler'
cl : Command line warning D9002 : ignoring unknown option '-Xcompiler'
cl : Command line warning D9002 : ignoring unknown option '-Xcompiler'
cl : Command line warning D9002 : ignoring unknown option '-Xcompiler'
cl : Command line warning D9002 : ignoring unknown option '-Xcompiler'
cl : Command line warning D9002 : ignoring unknown option '-Xcompiler'
cl : Command line warning D9002 : ignoring unknown option '-Xcompiler'
cl : Command line warning D9002 : ignoring unknown option '-Xcompiler'
cl : Command line warning D9002 : ignoring unknown option '-Xcompiler'
cl : Command line warning D9002 : ignoring unknown option '-Xcompiler'
cl : Command line warning D9002 : ignoring unknown option '-Xcompiler'
cl : Command line warning D9002 : ignoring unknown option '-Xcompiler'
cl : Command line warning D9002 : ignoring unknown option '-Xcompiler'
cl : Command line warning D9002 : ignoring unknown option '-Xcompiler'
cl : Command line warning D9002 : ignoring unknown option '-Xcompiler'
cl : Command line warning D9002 : ignoring unknown option '-Xcompiler'
cl : Command line warning D9002 : cl : Command line warning D9002 : ignoring unknown option '-Xcompiler'ignoring unknown option '-Xcompiler'

cl : Command line warning D9002 : cl : Command line warning D9002 : ignoring unknown option '-Xcompiler'ignoring unknown option '-Xcompiler'

cl : Command line warning D9002 : cl : Command line warning D9002 : ignoring unknown option '-Xcompiler'ignoring unknown option '-Xcompiler'

cl : Command line warning D9002 : cl : Command line warning D9002 : ignoring unknown option '-Xcompiler'ignoring unknown option '-Xcompiler'

cl : Command line warning D9002 : cl : Command line warning D9002 : ignoring unknown option '-Xcompiler'ignoring unknown option '-Xcompiler'

cl : Command line warning D9002 : ignoring unknown option '-Xcompiler'cl : Command line warning D9002 : 
ignoring unknown option '-Xcompiler'cl : Command line warning D9002 : 
ignoring unknown option '-Xcompiler'cl : Command line warning D9002 : cl : Command line warning D9002 : 
cl : Command line warning D9002 : ignoring unknown option '-Xcompiler'ignoring unknown option '-Xcompiler'cl : Command line warning D9002 : 
ignoring unknown option '-Xcompiler'cl : Command line warning D9002 : 
ignoring unknown option '-Xcompiler'cl : Command line warning D9002 : ignoring unknown option '-Xcompiler'
cl : Command line warning D9002 : 

cl : Command line warning D9002 : ignoring unknown option '-Xcompiler'cl : Command line warning D9002 : cl : Command line warning D9002 : ignoring unknown option '-Xcompiler'ignoring unknown option '-Xcompiler'ignoring unknown option '-Xcompiler'
ignoring unknown option '-Xcompiler'

cl : Command line warning D9002 : cl : Command line warning D9002 : ignoring unknown option '-Xcompiler'

cl : Command line warning D9002 : cl : Command line warning D9002 : 
cl : Command line warning D9002 : ignoring unknown option '-Xcompiler'ignoring unknown option '-Xcompiler'ignoring unknown option '-Xcompiler'ignoring unknown option '-Xcompiler'cl : Command line warning D9002 : 



cl : Command line warning D9002 : ignoring unknown option '-Xcompiler'cl : Command line warning D9002 : cl : Command line warning D9002 : cl : Command line warning D9002 : ignoring unknown option '-Xcompiler'cl : Command line warning D9002 : ignoring unknown option '-Xcompiler'ignoring unknown option '-Xcompiler'
ignoring unknown option '-Xcompiler'ignoring unknown option '-Xcompiler'


cl : Command line warning D9002 : cl : Command line warning D9002 : 
cl : Command line warning D9002 : ignoring unknown option '-Xcompiler'cl : Command line warning D9002 : ignoring unknown option '-Xcompiler'ignoring unknown option '-Xcompiler'cl : Command line warning D9002 : ignoring unknown option '-Xcompiler'

cl : Command line warning D9002 : 
cl : Command line warning D9002 : 

cl : Command line warning D9002 : cl : Command line warning D9002 : ignoring unknown option '-Xcompiler'cl : Command line warning D9002 : ignoring unknown option '-Xcompiler'ignoring unknown option '-Xcompiler'
ignoring unknown option '-Xcompiler'

cl : Command line warning D9002 : ignoring unknown option '-Xcompiler'
ignoring unknown option '-Xcompiler'cl : Command line warning D9002 : cl : Command line warning D9002 : 

cl : Command line warning D9002 : cl : Command line warning D9002 : ignoring unknown option '-Xcompiler'ignoring unknown option '-Xcompiler'cl : Command line warning D9002 : cl : Command line warning D9002 : 

ignoring unknown option '-Xcompiler'ignoring unknown option '-Xcompiler'ignoring unknown option '-Xcompiler'ignoring unknown option '-Xcompiler'ignoring unknown option '-Xcompiler'

cl : Command line warning D9002 : 


cl : Command line warning D9002 : ignoring unknown option '-Xcompiler'cl : Command line warning D9002 : cl : Command line warning D9002 : ignoring unknown option '-Xcompiler'ignoring unknown option '-Xcompiler'
cl : Command line warning D9002 : 

ignoring unknown option '-Xcompiler'cl : Command line warning D9002 : cl : Command line warning D9002 : ignoring unknown option '-Xcompiler'cl : Command line warning D9002 : ignoring unknown option '-Xcompiler'cl : Command line warning D9002 : ignoring unknown option '-Xcompiler'ignoring unknown option '-Xcompiler'



cl : Command line warning D9002 : 
ignoring unknown option '-Xcompiler'cl : Command line warning D9002 : ignoring unknown option '-Xcompiler'cl : Command line warning D9002 : cl : Command line warning D9002 : ignoring unknown option '-Xcompiler'ignoring unknown option '-Xcompiler'

ignoring unknown option '-Xcompiler'


cl : Command line warning D9002 : cl : Command line warning D9002 : cl : Command line warning D9002 : ignoring unknown option '-Xcompiler'ignoring unknown option '-Xcompiler'ignoring unknown option '-Xcompiler'


cl : Command line warning D9002 : cl : Command line warning D9002 : ignoring unknown option '-Xcompiler'ignoring unknown option '-Xcompiler'

cl : Command line warning D9002 : ignoring unknown option '-Xcompiler'
cl : Command line warning D9002 : ignoring unknown option '-Xcompiler'
cl : Command line warning D9002 : ignoring unknown option '-Xcompiler'
cl : Command line warning D9002 : ignoring unknown option '-Xcompiler'
cl : Command line warning D9002 : ignoring unknown option '-Xcompiler'
cl : Command line warning D9002 : ignoring unknown option '-Xcompiler'
cl : Command line warning D9002 : ignoring unknown option '-Xcompiler'
cl : Command line warning D9002 : ignoring unknown option '-Xcompiler'
cl : Command line warning D9002 : ignoring unknown option '-Xcompiler'
cl : Command line warning D9002 : ignoring unknown option '-Xcompiler'
cl : Command line warning D9002 : ignoring unknown option '-Xcompiler'
cl : Command line warning D9002 : ignoring unknown option '-Xcompiler'
cl : Command line warning D9002 : ignoring unknown option '-Xcompiler'
cl : Command line warning D9002 : ignoring unknown option '-Xcompiler'
cl : Command line warning D9002 : ignoring unknown option '-Xcompiler'
cl : Command line warning D9002 : ignoring unknown option '-Xcompiler'
cl : Command line warning D9002 : ignoring unknown option '-Xcompiler'
cl : Command line warning D9002 : ignoring unknown option '-Xcompiler'
cl : Command line warning D9002 : ignoring unknown option '-Xcompiler'
cl : Command line warning D9002 : ignoring unknown option '-Xcompiler'
cl : Command line warning D9002 : ignoring unknown option '-Xcompiler'
cl : Command line warning D9002 : ignoring unknown option '-Xcompiler'
cl : Command line warning D9002 : ignoring unknown option '-Xcompiler'
cl : Command line warning D9002 : ignoring unknown option '-Xcompiler'
cl : Command line warning D9002 : ignoring unknown option '-Xcompiler'
cl : Command line warning D9002 : cl : Command line warning D9002 : ignoring unknown option '-Xcompiler'cl : Command line warning D9002 : ignoring unknown option '-Xcompiler'
ignoring unknown option '-Xcompiler'cl : Command line warning D9002 : 

ignoring unknown option '-Xcompiler'cl : Command line warning D9002 : 
cl : Command line warning D9002 : cl : Command line warning D9002 : ignoring unknown option '-Xcompiler'cl : Command line warning D9002 : ignoring unknown option '-Xcompiler'ignoring unknown option '-Xcompiler'

ignoring unknown option '-Xcompiler'
cl : Command line warning D9002 : 
cl : Command line warning D9002 : cl : Command line warning D9002 : ignoring unknown option '-Xcompiler'ignoring unknown option '-Xcompiler'cl : Command line warning D9002 : ignoring unknown option '-Xcompiler'

ignoring unknown option '-Xcompiler'
cl : Command line warning D9002 : cl : Command line warning D9002 : 
ignoring unknown option '-Xcompiler'ignoring unknown option '-Xcompiler'cl : Command line warning D9002 : 
cl : Command line warning D9002 : 
ignoring unknown option '-Xcompiler'cl : Command line warning D9002 : cl : Command line warning D9002 : ignoring unknown option '-Xcompiler'
ignoring unknown option '-Xcompiler'ignoring unknown option '-Xcompiler'

cl : Command line warning D9002 : cl : Command line warning D9002 : 
cl : Command line warning D9002 : ignoring unknown option '-Xcompiler'ignoring unknown option '-Xcompiler'ignoring unknown option '-Xcompiler'cl : Command line warning D9002 : 

ignoring unknown option '-Xcompiler'
cl : Command line warning D9002 : 
cl : Command line warning D9002 : cl : Command line warning D9002 : ignoring unknown option '-Xcompiler'cl : Command line warning D9002 : ignoring unknown option '-Xcompiler'ignoring unknown option '-Xcompiler'


ignoring unknown option '-Xcompiler'cl : Command line warning D9002 : cl : Command line warning D9002 : 
ignoring unknown option '-Xcompiler'cl : Command line warning D9002 : ignoring unknown option '-Xcompiler'cl : Command line warning D9002 : 

ignoring unknown option '-Xcompiler'ignoring unknown option '-Xcompiler'

cl : Command line warning D9002 : cl : Command line warning D9002 : ignoring unknown option '-Xcompiler'ignoring unknown option '-Xcompiler'

cl : Command line warning D9002 : ignoring unknown option '-Xcompiler'
cl : Command line warning D9002 : ignoring unknown option '-Xcompiler'
cl : Command line warning D9002 : ignoring unknown option '-Xcompiler'
cl : Command line warning D9002 : ignoring unknown option '-Xcompiler'
cl : Command line warning D9002 : ignoring unknown option '-Xcompiler'
cl : Command line warning D9002 : ignoring unknown option '-Xcompiler'
cl : Command line warning D9002 : ignoring unknown option '-Xcompiler'
cl : Command line warning D9002 : ignoring unknown option '-Xcompiler'
cl : Command line warning D9002 : ignoring unknown option '-Xcompiler'
cl : Command line warning D9002 : ignoring unknown option '-Xcompiler'
cl : Command line warning D9002 : ignoring unknown option '-Xcompiler'
cl : Command line warning D9002 : ignoring unknown option '-Xcompiler'
cl : Command line warning D9002 : ignoring unknown option '-Xcompiler'
cl : Command line warning D9002 : ignoring unknown option '-Xcompiler'
cl : Command line warning D9002 : ignoring unknown option '-Xcompiler'
cl : Command line warning D9002 : ignoring unknown option '-Xcompiler'
cl : Command line warning D9002 : ignoring unknown option '-Xcompiler'
cl : Command line warning D9002 : ignoring unknown option '-Xcompiler'
cl : Command line warning D9002 : ignoring unknown option '-Xcompiler'
cl : Command line warning D9002 : ignoring unknown option '-Xcompiler'
cl : Command line warning D9002 : ignoring unknown option '-Xcompiler'
cl : Command line warning D9002 : ignoring unknown option '-Xcompiler'cl : Command line warning D9002 : 
ignoring unknown option '-Xcompiler'cl : Command line warning D9002 : 
ignoring unknown option '-Xcompiler'
cl : Command line warning D9002 : cl : Command line warning D9002 : ignoring unknown option '-Xcompiler'ignoring unknown option '-Xcompiler'

cl : Command line warning D9002 : ignoring unknown option '-Xcompiler'
cl : Command line warning D9002 : cl : Command line warning D9002 : ignoring unknown option '-Xcompiler'ignoring unknown option '-Xcompiler'

cl : Command line warning D9002 : cl : Command line warning D9002 : ignoring unknown option '-Xcompiler'cl : Command line warning D9002 : ignoring unknown option '-Xcompiler'
ignoring unknown option '-Xcompiler'
cl : Command line warning D9002 : 
cl : Command line warning D9002 : ignoring unknown option '-Xcompiler'cl : Command line warning D9002 : ignoring unknown option '-Xcompiler'
ignoring unknown option '-Xcompiler'
cl : Command line warning D9002 : cl : Command line warning D9002 : ignoring unknown option '-Xcompiler'

ignoring unknown option '-Xcompiler'
cl : Command line warning D9002 : cl : Command line warning D9002 : ignoring unknown option '-Xcompiler'ignoring unknown option '-Xcompiler'

cl : Command line warning D9002 : cl : Command line warning D9002 : ignoring unknown option '-Xcompiler'cl : Command line warning D9002 : 
ignoring unknown option '-Xcompiler'cl : Command line warning D9002 : ignoring unknown option '-Xcompiler'
ignoring unknown option '-Xcompiler'

cl : Command line warning D9002 : cl : Command line warning D9002 : ignoring unknown option '-Xcompiler'ignoring unknown option '-Xcompiler'

cl : Command line warning D9002 : cl : Command line warning D9002 : ignoring unknown option '-Xcompiler'ignoring unknown option '-Xcompiler'

cl : Command line warning D9002 : ignoring unknown option '-Xcompiler'
cl : Command line warning D9002 : ignoring unknown option '-Xcompiler'
cl : Command line warning D9002 : ignoring unknown option '-Xcompiler'
cl : Command line warning D9002 : ignoring unknown option '-Xcompiler'
cl : Command line warning D9002 : ignoring unknown option '-Xcompiler'
cl : Command line warning D9002 : ignoring unknown option '-Xcompiler'
cl : Command line warning D9002 : ignoring unknown option '-Xcompiler'
cl : Command line warning D9002 : ignoring unknown option '-Xcompiler'
cl : Command line warning D9002 : ignoring unknown option '-Xcompiler'
cl : Command line warning D9002 : cl : Command line warning D9002 : ignoring unknown option '-Xcompiler'ignoring unknown option '-Xcompiler'

cl : Command line warning D9002 : cl : Command line warning D9002 : ignoring unknown option '-Xcompiler'
ignoring unknown option '-Xcompiler'cl : Command line warning D9002 : 
ignoring unknown option '-Xcompiler'cl : Command line warning D9002 : 
ignoring unknown option '-Xcompiler'
cl : Command line warning D9002 : cl : Command line warning D9002 : ignoring unknown option '-Xcompiler'
cl : Command line warning D9002 : cl : Command line warning D9002 : ignoring unknown option '-Xcompiler'ignoring unknown option '-Xcompiler'ignoring unknown option '-Xcompiler'


cl : Command line warning D9002 : cl : Command line warning D9002 : ignoring unknown option '-Xcompiler'ignoring unknown option '-Xcompiler'cl : Command line warning D9002 : 

ignoring unknown option '-Xcompiler'cl : Command line warning D9002 : cl : Command line warning D9002 : 
ignoring unknown option '-Xcompiler'ignoring unknown option '-Xcompiler'
cl : Command line warning D9002 : 
ignoring unknown option '-Xcompiler'cl : Command line warning D9002 : cl : Command line warning D9002 : 
ignoring unknown option '-Xcompiler'ignoring unknown option '-Xcompiler'cl : Command line warning D9002 : 

ignoring unknown option '-Xcompiler'cl : Command line warning D9002 : cl : Command line warning D9002 : 
ignoring unknown option '-Xcompiler'ignoring unknown option '-Xcompiler'

cl : Command line warning D9002 : ignoring unknown option '-Xcompiler'
cl : Command line warning D9002 : ignoring unknown option '-Xcompiler'
cl : Command line warning D9002 : ignoring unknown option '-Xcompiler'
cl : Command line warning D9002 : ignoring unknown option '-Xcompiler'
cl : Command line warning D9002 : ignoring unknown option '-Xcompiler'
cl : Command line warning D9002 : ignoring unknown option '-Xcompiler'
cl : Command line warning D9002 : ignoring unknown option '-Xcompiler'
cl : Command line warning D9002 : ignoring unknown option '-Xcompiler'
cl : Command line warning D9002 : ignoring unknown option '-Xcompiler'
cl : Command line warning D9002 : ignoring unknown option '-Xcompiler'
cl : Command line warning D9002 : ignoring unknown option '-Xcompiler'
cl : Command line warning D9002 : cl : Command line warning D9002 : ignoring unknown option '-Xcompiler'ignoring unknown option '-Xcompiler'

cl : Command line warning D9002 : cl : Command line warning D9002 : ignoring unknown option '-Xcompiler'ignoring unknown option '-Xcompiler'

cl : Command line warning D9002 : cl : Command line warning D9002 : ignoring unknown option '-Xcompiler'ignoring unknown option '-Xcompiler'

cl : Command line warning D9002 : cl : Command line warning D9002 : ignoring unknown option '-Xcompiler'ignoring unknown option '-Xcompiler'

cl : Command line warning D9002 : cl : Command line warning D9002 : ignoring unknown option '-Xcompiler'ignoring unknown option '-Xcompiler'

cl : Command line warning D9002 : cl : Command line warning D9002 : ignoring unknown option '-Xcompiler'ignoring unknown option '-Xcompiler'

cl : Command line warning D9002 : cl : Command line warning D9002 : ignoring unknown option '-Xcompiler'ignoring unknown option '-Xcompiler'

cl : Command line warning D9002 : cl : Command line warning D9002 : ignoring unknown option '-Xcompiler'ignoring unknown option '-Xcompiler'

cl : Command line warning D9024 : unrecognized source file type '../srclib/libicrt.a', object file assumed
cl : Command line warning D9002 : ignoring unknown option '-Xcompiler'
cl : Command line warning D9002 : ignoring unknown option '-Xcompiler'
cl : Command line warning D9002 : ignoring unknown option '-Xcompiler'
cl : Command line warning D9002 : ignoring unknown option '-Xcompiler'
cl : Command line warning D9002 : ignoring unknown option '-Xcompiler'
cl : Command line warning D9002 : ignoring unknown option '-Xcompiler'
cl : Command line warning D9002 : ignoring unknown option '-Xcompiler'
cl : Command line warning D9002 : ignoring unknown option '-Xcompiler'
