checking for a BSD-compatible install... /usr/bin/install -c
checking whether sleep supports fractional seconds... yes
checking filesystem timestamp resolution... 0.01
checking whether build environment is sane... yes
checking for a race-free mkdir -p... /usr/bin/mkdir -p
checking for gawk... gawk
checking whether make sets $(MAKE)... yes
checking whether make supports nested variables... yes
checking xargs -n works... yes
checking whether make sets $(MAKE)... (cached) yes
checking for gcc... compile cl.exe
checking whether the C compiler works... yes
checking for C compiler default output file name... conftest.exe
checking for suffix of executables... .exe
checking whether we are cross compiling... no
checking for suffix of object files... obj
checking whether the compiler supports GNU C... no
checking whether compile cl.exe accepts -g... yes
checking for compile cl.exe option to enable C11 features... unsupported
checking for compile cl.exe option to enable C99 features... unsupported
checking for compile cl.exe option to enable C89 features... unsupported
checking whether compile cl.exe understands -c and -o together... yes
checking whether the compiler is clang... no
checking for compiler option needed when checking for declarations... none
checking whether make supports the include directive... yes (GNU style)
checking dependency style of compile cl.exe... none
checking how to run the C preprocessor... compile cl.exe -E
checking for strip... /usr/bin/strip
checking build system type... x86_64-pc-mingw32
checking host system type... x86_64-pc-mingw32
checking for stdio.h... yes
checking for stdlib.h... yes
checking for string.h... yes
checking for inttypes.h... yes
checking for stdint.h... yes
checking for strings.h... no
checking for sys/stat.h... yes
checking for sys/types.h... yes
checking for unistd.h... no
checking for wchar.h... yes
checking for minix/config.h... no
checking for sys/param.h... no
checking for sys/socket.h... no
checking for error.h... no
checking for limits.h... yes
checking for sys/time.h... no
checking for stdbool.h... yes
checking for stdckdint.h... no
checking for features.h... no
checking for crtdefs.h... yes
checking whether it is safe to define __EXTENSIONS__... yes
checking whether _XOPEN_SOURCE should be defined... no
checking for egrep -e... /usr/bin/grep -E
checking for Minix Amsterdam compiler... no
checking for ar... ar-lib lib.exe
checking for compile cl.exe option to support large files... supported through gnulib
checking how to print strings... printf
checking for a sed that does not truncate output... /usr/bin/sed
checking for grep that handles long lines and -e... /usr/bin/grep
checking for egrep... /usr/bin/grep -E
checking for fgrep... /usr/bin/grep -F
checking for non-GNU ld... link.exe -verbose
checking if the linker (link.exe -verbose) is GNU ld... no
checking for BSD- or MS-compatible name lister (nm)... dumpbin.exe -symbols -headers
checking the name lister (dumpbin.exe -symbols -headers) interface... MS dumpbin
checking whether ln -s works... no, using cp -pR
checking the maximum length of command line arguments... 8192
checking how to convert x86_64-pc-mingw32 file names to x86_64-pc-mingw32 format... func_convert_file_msys_to_w32
checking how to convert x86_64-pc-mingw32 file names to toolchain format... func_convert_file_msys_to_w32
checking for link.exe -verbose option to reload object files... -r
checking for file... file
checking for objdump... objdump
checking how to recognize dependent libraries... file_magic ^x86 archive import|^x86 DLL
checking for dlltool... link.exe -verbose -dll
checking how to associate runtime and link libraries... func_cygming_dll_for_implib_fallback
checking for archiver @FILE support... @
checking for strip... (cached) :
checking command to parse dumpbin.exe -symbols -headers output from compile cl.exe object... ok
checking for sysroot... no
checking for a working dd... /usr/bin/dd
checking how to truncate binary pipes... /usr/bin/dd bs=4096 count=1
checking for mt... mt
checking if mt is a manifest tool... yes
checking for dlfcn.h... no
checking for as... :
checking for dlltool... (cached) link.exe -verbose -dll
checking for objdump... (cached) objdump
checking for objdir... .libs
checking for compile cl.exe option to produce PIC... -DDLL_EXPORT -DPIC
checking if compile cl.exe PIC flag -DDLL_EXPORT -DPIC works... yes
checking if compile cl.exe static flag  works... yes
checking if compile cl.exe supports -c -o file.obj... yes
checking if compile cl.exe supports -c -o file.obj... (cached) yes
checking whether the compile cl.exe linker (link.exe -verbose) supports shared libraries... yes
checking dynamic linker characteristics... Win32 link.exe
checking how to hardcode library paths into programs... immediate
checking whether stripping libraries is possible... no
checking if libtool supports shared libraries... yes
checking whether to build shared libraries... yes
checking whether to build static libraries... no
checking for ld... link.exe -verbose
checking if the linker (link.exe -verbose) is GNU ld... no
checking 32-bit host C ABI... no
checking for shared library path variable... PATH
checking whether to activate relocatable installation... yes
checking for mach-o/dyld.h... no
checking for _NSGetExecutablePath... no
checking how to copy files... cp -p
checking how to make hard links... ln
checking whether ln -s works... no, using cp -pR
checking for windres... windres-rc rc.exe
checking for windres... windres-rc rc.exe
checking for shared library run path origin... done
checking for ELF binary format... no
checking for the common suffixes of directories in the library search path... lib,lib,lib
checking for iconv... no, consider installing GNU libiconv
checking whether NLS is requested... yes
checking for msgfmt... no
checking for gmsgfmt... :
checking for xgettext... no
checking for msgmerge... no
checking for CFPreferencesCopyAppValue... no
checking for CFLocaleCopyPreferredLanguages... no
checking for GNU gettext in libc... no
checking for iconv... (cached) no, consider installing GNU libiconv
checking for GNU gettext in libintl... no
checking whether to use NLS... no
checking for mbstate_t... yes
checking for getc_unlocked... no
checking for mbrtowc... yes
checking for wcrtomb... yes
checking for mbsinit... no
checking for setlocale... yes
checking whether <wchar.h> is standalone... yes
checking for memmove... (cached) yes
checking for nl_langinfo and CODESET... no
checking for symlink... no
checking for canonicalize_file_name... no
checking for realpath... no
checking for lstat... no
checking for _set_invalid_parameter_handler... yes
checking for fcntl... no
checking for getdtablesize... no
checking for getexecname... no
checking for readlink... no
checking for setenv... no
checking for working fcntl.h... no
checking for wchar.h... (cached) yes
checking for EILSEQ... yes
checking whether byte ordering is bigendian... no
checking for size_t... yes
checking for working alloca.h... no
checking for alloca... yes
checking whether the preprocessor supports include_next... no
checking whether source code line length is unlimited... yes
checking whether lstat correctly handles trailing slash... no
checking for compile cl.exe options needed to detect all undeclared functions... none needed
checking whether // is distinct from /... (cached) yes
checking whether realpath works... no
checking for faccessat... no
checking for C/C++ restrict keyword... no
checking for winsock2.h... yes
checking if environ is properly declared... yes
checking for complete errno.h... no
checking absolute name of <errno.h>... "C:\\Program Files (x86)\\Windows Kits\\10\\include\\10.0.26100.0\\ucrt\\errno.h"
checking for EMULTIHOP value... no
checking for ENOLINK value... yes
checking for EOVERFLOW value... yes
checking absolute name of <error.h>... <error.h>
checking for error... no
checking whether error_at_line is declared... no
checking whether strerror_r is declared... no
checking whether strerror_r returns char *... no
checking whether ctype.h defines __header_inline... no
checking for pid_t... no
checking for mode_t... no
checking absolute name of <fcntl.h>... "C:\\Program Files (x86)\\Windows Kits\\10\\include\\10.0.26100.0\\ucrt\\fcntl.h"
checking whether stat file-mode macros are broken... no
checking for 64-bit off_t... no
checking for 64-bit st_size... no
checking absolute name of <sys/stat.h>... "C:\\Program Files (x86)\\Windows Kits\\10\\include\\10.0.26100.0\\ucrt\\sys/stat.h"
checking for nlink_t... no
checking for sdkddkver.h... yes
checking whether getdtablesize is declared... no
checking absolute name of <limits.h>... "C:\\Program Files\\Microsoft Visual Studio\\18\\Community\\VC\\Tools\\MSVC\\14.44.35207\\include\\limits.h"
checking whether limits.h has WORD_BIT, BOOL_WIDTH etc.... no
checking for wint_t... yes
checking whether wint_t is large enough... no
checking whether the compiler produces multi-arch binaries... no
checking absolute name of <stdint.h>... "C:\\Program Files\\Microsoft Visual Studio\\18\\Community\\VC\\Tools\\MSVC\\14.44.35207\\include\\stdint.h"
checking whether stdint.h conforms to C99... yes
checking whether stdint.h works without ISO C predefines... yes
checking whether stdint.h has UINTMAX_WIDTH etc.... no
checking absolute name of <inttypes.h>... "C:\\Program Files (x86)\\Windows Kits\\10\\include\\10.0.26100.0\\ucrt\\inttypes.h"
checking whether malloc is ptrdiff_t safe... yes
checking whether malloc, realloc, calloc set errno on failure... guessing yes
checking whether malloc (0) returns nonnull... yes
checking whether <limits.h> defines MIN and MAX... no
checking whether <sys/param.h> defines MIN and MAX... no
checking for O_CLOEXEC... no
checking for promoted mode_t type... mode_t
checking for sigset_t... no
checking for SIGPIPE... no
checking whether realloc should abort upon undefined behaviour... no
checking whether setenv is declared... no
checking whether _putenv is declared... yes
checking for ssize_t... no
checking whether size_t is wider than 'long'... yes
checking for uid_t... no
checking for gid_t... no
checking absolute name of <signal.h>... "C:\\Program Files (x86)\\Windows Kits\\10\\include\\10.0.26100.0\\ucrt\\signal.h"
checking for volatile sig_atomic_t... yes
checking for sighandler_t... no
checking whether C symbols are prefixed with underscore at the linker level... no
checking for good max_align_t... no
checking whether NULL can be used in arbitrary expressions... yes
checking for unreachable... no
checking whether nullptr_t needs <stddef.h>... yes
checking for clean definition of __STDC_VERSION_STDDEF_H__... yes
checking absolute name of <stddef.h>... "C:\\Program Files (x86)\\Windows Kits\\10\\include\\10.0.26100.0\\ucrt\\stddef.h"
checking whether fcloseall is declared... yes
checking whether getw is declared... yes
checking whether putw is declared... yes
checking absolute name of <stdio.h>... "C:\\Program Files (x86)\\Windows Kits\\10\\include\\10.0.26100.0\\ucrt\\stdio.h"
checking which flavor of printf attribute matches inttypes macros... system
checking for an english Unicode locale... English_United States.65001
checking whether ecvt is declared... yes
checking whether fcvt is declared... yes
checking whether gcvt is declared... yes
checking absolute name of <stdlib.h>... "C:\\Program Files (x86)\\Windows Kits\\10\\include\\10.0.26100.0\\ucrt\\stdlib.h"
checking whether MB_CUR_MAX is correct... yes
checking whether strerror(0) succeeds... yes
checking absolute name of <string.h>... "C:\\Program Files (x86)\\Windows Kits\\10\\include\\10.0.26100.0\\ucrt\\string.h"
checking for off64_t... no
checking absolute name of <sys/types.h>... "C:\\Program Files (x86)\\Windows Kits\\10\\include\\10.0.26100.0\\ucrt\\sys/types.h"
checking for struct timespec in <time.h>... yes
checking absolute name of <time.h>... "C:\\Program Files (x86)\\Windows Kits\\10\\include\\10.0.26100.0\\ucrt\\time.h"
checking for TIME_UTC in <time.h>... yes
checking whether execvpe is declared... no
checking absolute name of <unistd.h>... <unistd.h>
checking whether clearerr_unlocked is declared... no
checking whether feof_unlocked is declared... no
checking whether ferror_unlocked is declared... no
checking whether fflush_unlocked is declared... no
checking whether fgets_unlocked is declared... no
checking whether fputc_unlocked is declared... no
checking whether fputs_unlocked is declared... no
checking whether fread_unlocked is declared... no
checking whether fwrite_unlocked is declared... no
checking whether getc_unlocked is declared... no
checking whether getchar_unlocked is declared... no
checking whether putc_unlocked is declared... no
checking whether putchar_unlocked is declared... no
checking whether <wchar.h> uses 'inline' correctly... yes
checking absolute name of <wchar.h>... "C:\\Program Files (x86)\\Windows Kits\\10\\include\\10.0.26100.0\\ucrt\\wchar.h"
checking whether wcsdup is declared... yes
checking for C compiler option to allow warnings... none
checking for alignas and alignof... no
checking for static_assert... yes, a keyword
checking for __builtin_expect... no
checking for readlinkat... no
checking whether // is distinct from /... (cached) yes
checking whether dup2 works... no
checking for setdtablesize... no
checking whether free is known to preserve errno... no
checking for getprogname... no
checking whether program_invocation_name is declared... no
checking whether program_invocation_name is declared... (cached) no
checking whether program_invocation_short_name is declared... no
checking whether __argv is declared... yes
checking whether the compiler supports the __inline keyword... yes
checking for mbstate_t... (cached) yes
checking for mempcpy... no
checking whether program_invocation_name is declared... (cached) no
checking whether program_invocation_short_name is declared... (cached) no
checking for raise... yes
checking for rawmemchr... no
checking whether realloc (..., 0) returns nonnull... no
checking for faccessat... (cached) no
checking whether free is known to preserve errno... (cached) no
checking for mempcpy... (cached) no
checking for rawmemchr... (cached) no
checking for search.h... yes
checking for tsearch... no
checking for ssize_t... (cached) no
checking whether size_t is wider than 'long'... (cached) yes
checking for struct stat.st_atim.tv_nsec... no
checking for struct stat.st_atimespec.tv_nsec... no
checking for struct stat.st_atimensec... no
checking for struct stat.st_atim.st__tim.tv_nsec... no
checking for struct stat.st_birthtimespec.tv_nsec... no
checking for struct stat.st_birthtimensec... no
checking for struct stat.st_birthtim.tv_nsec... no
checking for bool, true, false... no
checking for winsock2.h... (cached) yes
checking for variable-length arrays... no
checking that generated files are newer than configure... done
configure: creating ./config.status
config.status: creating Makefile
config.status: creating lib/Makefile
config.status: creating srclib/Makefile
config.status: creating src/Makefile
config.status: creating po/Makefile.in
config.status: creating man/Makefile
config.status: creating tests/Makefile
config.status: creating include/iconv.h
config.status: creating include/iconv.h.inst
config.status: creating config.h
config.status: creating lib/config.h
config.status: executing depfiles commands
config.status: executing libtool commands
config.status: executing po-directories commands
config.status: creating po/POTFILES
config.status: creating po/Makefile
=== configuring in libcharset (/d/ReposGitHub/nLARN/vcpkg_installed/vcpkg/blds/libiconv/x64-windows-rel/libcharset)
configure: running /bin/sh .././../src/v1.18-8006e03beb.clean/libcharset/configure --disable-option-checking '--prefix=/D/ReposGitHub/nLARN/vcpkg_installed/x64-windows'  '--build=x86_64-pc-mingw32' '--enable-extra-encodings' '--without-libiconv-prefix' '--without-libintl-prefix' '--enable-relocatable' 'ac_cv_prog_ac_ct_STRIP=:' 'gl_cv_double_slash_root=yes' 'ac_cv_func_memmove=yes' '--disable-silent-rules' '--verbose' '--enable-shared' '--disable-static' '--bindir=${prefix}/tools/libiconv/bin' '--sbindir=${prefix}/tools/libiconv/sbin' '--libdir=${prefix}/lib' '--mandir=${prefix}/share/libiconv' '--docdir=${prefix}/share/libiconv' '--datarootdir=${prefix}/share/libiconv' 'build_alias=x86_64-pc-mingw32' 'CC=compile cl.exe' 'CFLAGS=-Xcompiler -nologo -Xcompiler -utf-8 -Xcompiler -MP -Xcompiler -MD -Xcompiler -O2 -Xcompiler -Oi -Xcompiler -Gy -Xcompiler -Z7' 'LDFLAGS=-Xlinker -Xlinker -Xlinker -LIBPATH:D:/ReposGitHub/nLARN/vcpkg_installed/x64-windows/lib -Xlinker -Xlinker -Xlinker -machine:x64 -Xlinker -Xlinker -Xlinker -nologo -Xlinker -Xlinker -Xlinker -DEBUG -Xlinker -Xlinker -Xlinker -INCREMENTAL:NO -Xlinker -Xlinker -Xlinker -OPT:REF -Xlinker -Xlinker -Xlinker -OPT:ICF' 'LIBS=-lkernel32 -luser32 -lgdi32 -lwinspool -lshell32 -lole32 -loleaut32 -lcomdlg32 -ladvapi32' 'CPPFLAGS=-DWIN32 -D_WINDOWS -DNDEBUG' 'CPP=compile cl.exe -E' --cache-file=/dev/null --srcdir=.././../src/v1.18-8006e03beb.clean/libcharset
checking whether make sets $(MAKE)... yes
checking for gcc... compile cl.exe
checking whether the C compiler works... yes
checking for C compiler default output file name... conftest.exe
checking for suffix of executables... .exe
checking whether we are cross compiling... no
checking for suffix of object files... obj
checking whether the compiler supports GNU C... no
checking whether compile cl.exe accepts -g... yes
checking for compile cl.exe option to enable C11 features... unsupported
checking for compile cl.exe option to enable C99 features... unsupported
checking for compile cl.exe option to enable C89 features... unsupported
checking how to run the C preprocessor... compile cl.exe -E
checking for a BSD-compatible install... /usr/bin/install -c
checking build system type... x86_64-pc-mingw32
checking host system type... x86_64-pc-mingw32
checking for stdio.h... yes
checking for stdlib.h... yes
checking for string.h... yes
checking for inttypes.h... yes
checking for stdint.h... yes
checking for strings.h... no
checking for sys/stat.h... yes
checking for sys/types.h... yes
checking for unistd.h... no
checking for wchar.h... yes
checking for minix/config.h... no
checking whether it is safe to define __EXTENSIONS__... yes
checking whether _XOPEN_SOURCE should be defined... no
checking how to print strings... printf
checking for a sed that does not truncate output... /usr/bin/sed
checking for grep that handles long lines and -e... /usr/bin/grep
checking for egrep... /usr/bin/grep -E
checking for fgrep... /usr/bin/grep -F
checking for non-GNU ld... link.exe -verbose
checking if the linker (link.exe -verbose) is GNU ld... no
checking for BSD- or MS-compatible name lister (nm)... dumpbin.exe -symbols -headers
checking the name lister (dumpbin.exe -symbols -headers) interface... MS dumpbin
checking whether ln -s works... no, using cp -pR
checking the maximum length of command line arguments... 8192
checking how to convert x86_64-pc-mingw32 file names to x86_64-pc-mingw32 format... func_convert_file_msys_to_w32
checking how to convert x86_64-pc-mingw32 file names to toolchain format... func_convert_file_msys_to_w32
checking for link.exe -verbose option to reload object files... -r
checking for file... file
checking for objdump... objdump
checking how to recognize dependent libraries... file_magic ^x86 archive import|^x86 DLL
checking for dlltool... link.exe -verbose -dll
checking how to associate runtime and link libraries... func_cygming_dll_for_implib_fallback
checking for ranlib... :
checking for archiver @FILE support... @
checking for strip... (cached) :
checking for gawk... gawk
checking command to parse dumpbin.exe -symbols -headers output from compile cl.exe object... ok
checking for sysroot... no
checking for a working dd... /usr/bin/dd
checking how to truncate binary pipes... /usr/bin/dd bs=4096 count=1
checking for mt... mt
checking if mt is a manifest tool... yes
checking for dlfcn.h... no
checking for as... :
checking for dlltool... (cached) link.exe -verbose -dll
checking for objdump... (cached) objdump
checking for objdir... .libs
checking for compile cl.exe option to produce PIC... -DDLL_EXPORT -DPIC
checking if compile cl.exe PIC flag -DDLL_EXPORT -DPIC works... yes
checking if compile cl.exe static flag  works... yes
checking if compile cl.exe supports -c -o file.obj... yes
checking if compile cl.exe supports -c -o file.obj... (cached) yes
checking whether the compile cl.exe linker (link.exe -verbose) supports shared libraries... yes
checking dynamic linker characteristics... Win32 link.exe
checking how to hardcode library paths into programs... immediate
checking whether stripping libraries is possible... no
checking if libtool supports shared libraries... yes
checking whether to build shared libraries... yes
checking whether to build static libraries... no
checking for ld... link.exe -verbose
checking if the linker (link.exe -verbose) is GNU ld... no
checking 32-bit host C ABI... no
checking for shared library path variable... PATH
checking whether to activate relocatable installation... yes
checking for mach-o/dyld.h... no
checking for _NSGetExecutablePath... no
checking for nl_langinfo and CODESET... no
checking for symlink... no
checking for working fcntl.h... no
checking for setlocale... yes
configure: creating ./config.status
config.status: creating Makefile
config.status: creating lib/Makefile
config.status: creating include/libcharset.h
config.status: creating include/libcharset.h.inst
config.status: creating include/localcharset.h
config.status: creating include/localcharset.h.inst
config.status: creating config.h
config.status: executing libtool commands
