[33;1mVERBOSE: Resolving base path D:/ReposGitHub/nLARN/vcpkg_installed/vcpkg/pkgs/libiconv_x64-windows/tools/libiconv/bin/iconv.exe...[0m
[33;1mVERBOSE: Resolving D:/ReposGitHub/nLARN/vcpkg_installed/vcpkg/pkgs/libiconv_x64-windows/tools/libiconv/bin/iconv.exe...[0m
[33;1mVERBOSE:   iconv-2.dll: iconv-2.dll not found in D:\ReposGitHub\nLARN\vcpkg_installed\x64-windows; locally deployed[0m
[33;1mVERBOSE: Resolving D:\ReposGitHub\nLARN\vcpkg_installed\vcpkg\pkgs\libiconv_x64-windows\tools\libiconv\bin\iconv-2.dll...[0m
[33;1mVERBOSE:   KERNEL32.dll: D:\ReposGitHub\nLARN\vcpkg_installed\x64-windows\bin\KERNEL32.dll not found[0m
[33;1mVERBOSE:   VCRUNTIME140.dll: D:\ReposGitHub\nLARN\vcpkg_installed\x64-windows\bin\VCRUNTIME140.dll not found[0m
[33;1mVERBOSE:   api-ms-win-crt-runtime-l1-1-0.dll: D:\ReposGitHub\nLARN\vcpkg_installed\x64-windows\bin\api-ms-win-crt-runtime-l1-1-0.dll not found[0m
[33;1mVERBOSE:   api-ms-win-crt-heap-l1-1-0.dll: D:\ReposGitHub\nLARN\vcpkg_installed\x64-windows\bin\api-ms-win-crt-heap-l1-1-0.dll not found[0m
[33;1mVERBOSE:   api-ms-win-crt-utility-l1-1-0.dll: D:\ReposGitHub\nLARN\vcpkg_installed\x64-windows\bin\api-ms-win-crt-utility-l1-1-0.dll not found[0m
[33;1mVERBOSE:   api-ms-win-crt-locale-l1-1-0.dll: D:\ReposGitHub\nLARN\vcpkg_installed\x64-windows\bin\api-ms-win-crt-locale-l1-1-0.dll not found[0m
[33;1mVERBOSE:   api-ms-win-crt-string-l1-1-0.dll: D:\ReposGitHub\nLARN\vcpkg_installed\x64-windows\bin\api-ms-win-crt-string-l1-1-0.dll not found[0m
[33;1mVERBOSE:   api-ms-win-crt-stdio-l1-1-0.dll: D:\ReposGitHub\nLARN\vcpkg_installed\x64-windows\bin\api-ms-win-crt-stdio-l1-1-0.dll not found[0m
[33;1mVERBOSE: Done Resolving D:\ReposGitHub\nLARN\vcpkg_installed\vcpkg\pkgs\libiconv_x64-windows\tools\libiconv\bin\iconv-2.dll.[0m
[33;1mVERBOSE:   KERNEL32.dll: previously searched - Skip[0m
[33;1mVERBOSE:   VCRUNTIME140.dll: previously searched - Skip[0m
[33;1mVERBOSE:   api-ms-win-crt-runtime-l1-1-0.dll: previously searched - Skip[0m
[33;1mVERBOSE:   api-ms-win-crt-stdio-l1-1-0.dll: previously searched - Skip[0m
[33;1mVERBOSE:   api-ms-win-crt-environment-l1-1-0.dll: D:\ReposGitHub\nLARN\vcpkg_installed\x64-windows\bin\api-ms-win-crt-environment-l1-1-0.dll not found[0m
[33;1mVERBOSE:   api-ms-win-crt-string-l1-1-0.dll: previously searched - Skip[0m
[33;1mVERBOSE:   api-ms-win-crt-locale-l1-1-0.dll: previously searched - Skip[0m
[33;1mVERBOSE:   api-ms-win-crt-heap-l1-1-0.dll: previously searched - Skip[0m
[33;1mVERBOSE:   api-ms-win-crt-math-l1-1-0.dll: D:\ReposGitHub\nLARN\vcpkg_installed\x64-windows\bin\api-ms-win-crt-math-l1-1-0.dll not found[0m
[33;1mVERBOSE: Done Resolving D:/ReposGitHub/nLARN/vcpkg_installed/vcpkg/pkgs/libiconv_x64-windows/tools/libiconv/bin/iconv.exe.[0m
[33;1mVERBOSE: 
Name                           Value
----                           -----
iconv-2.dll                    True
api-ms-win-crt-locale-l1-1-0.… True
api-ms-win-crt-stdio-l1-1-0.d… True
api-ms-win-crt-environment-l1… True
api-ms-win-crt-string-l1-1-0.… True
VCRUNTIME140.dll               True
api-ms-win-crt-heap-l1-1-0.dll True
KERNEL32.dll                   True
api-ms-win-crt-utility-l1-1-0… True
api-ms-win-crt-runtime-l1-1-0… True
api-ms-win-crt-math-l1-1-0.dll True

[0m
