Downloading libiconv-1.18.tar.gz, trying https://ftpmirror.gnu.org/gnu/libiconv/libiconv-1.18.tar.gz
Successfully downloaded libiconv-1.18.tar.gz
-- Extracting source C:/Users/Owner/AppData/Local/vcpkg/downloads/libiconv-1.18.tar.gz
-- Applying patch 0002-Config-for-MSVC.patch
-- Applying patch 0003-Add-export.patch
-- Applying patch 0004-ModuleFileName.patch
-- Using source at D:/ReposGitHub/nLARN/vcpkg_installed/vcpkg/blds/libiconv/src/v1.18-8006e03beb.clean
-- Found external ninja('1.12.1').
-- Getting CMake variables for x64-windows
Downloading msys2-autoconf-wrapper-20240607-1-any.pkg.tar.zst, trying https://mirror.msys2.org/msys/x86_64/autoconf-wrapper-20240607-1-any.pkg.tar.zst
Successfully downloaded msys2-autoconf-wrapper-20240607-1-any.pkg.tar.zst
Downloading msys2-automake-wrapper-20240607-1-any.pkg.tar.zst, trying https://mirror.msys2.org/msys/x86_64/automake-wrapper-20240607-1-any.pkg.tar.zst
Successfully downloaded msys2-automake-wrapper-20240607-1-any.pkg.tar.zst
Downloading msys2-binutils-2.44-1-x86_64.pkg.tar.zst, trying https://mirror.msys2.org/msys/x86_64/binutils-2.44-1-x86_64.pkg.tar.zst
Successfully downloaded msys2-binutils-2.44-1-x86_64.pkg.tar.zst
Downloading msys2-libtool-2.5.4-1-x86_64.pkg.tar.zst, trying https://mirror.msys2.org/msys/x86_64/libtool-2.5.4-1-x86_64.pkg.tar.zst
Successfully downloaded msys2-libtool-2.5.4-1-x86_64.pkg.tar.zst
Downloading msys2-make-4.4.1-2-x86_64.pkg.tar.zst, trying https://mirror.msys2.org/msys/x86_64/make-4.4.1-2-x86_64.pkg.tar.zst
Successfully downloaded msys2-make-4.4.1-2-x86_64.pkg.tar.zst
Downloading msys2-pkgconf-2.4.3-1-x86_64.pkg.tar.zst, trying https://mirror.msys2.org/msys/x86_64/pkgconf-2.4.3-1-x86_64.pkg.tar.zst
Successfully downloaded msys2-pkgconf-2.4.3-1-x86_64.pkg.tar.zst
Downloading msys2-which-2.23-4-x86_64.pkg.tar.zst, trying https://mirror.msys2.org/msys/x86_64/which-2.23-4-x86_64.pkg.tar.zst
Successfully downloaded msys2-which-2.23-4-x86_64.pkg.tar.zst
Downloading msys2-bash-5.2.037-2-x86_64.pkg.tar.zst, trying https://mirror.msys2.org/msys/x86_64/bash-5.2.037-2-x86_64.pkg.tar.zst
Successfully downloaded msys2-bash-5.2.037-2-x86_64.pkg.tar.zst
Downloading msys2-coreutils-8.32-5-x86_64.pkg.tar.zst, trying https://mirror.msys2.org/msys/x86_64/coreutils-8.32-5-x86_64.pkg.tar.zst
Successfully downloaded msys2-coreutils-8.32-5-x86_64.pkg.tar.zst
Downloading msys2-file-5.46-2-x86_64.pkg.tar.zst, trying https://mirror.msys2.org/msys/x86_64/file-5.46-2-x86_64.pkg.tar.zst
Successfully downloaded msys2-file-5.46-2-x86_64.pkg.tar.zst
Downloading msys2-gawk-5.3.2-1-x86_64.pkg.tar.zst, trying https://mirror.msys2.org/msys/x86_64/gawk-5.3.2-1-x86_64.pkg.tar.zst
Successfully downloaded msys2-gawk-5.3.2-1-x86_64.pkg.tar.zst
Downloading msys2-grep-1~3.0-7-x86_64.pkg.tar.zst, trying https://mirror.msys2.org/msys/x86_64/grep-1~3.0-7-x86_64.pkg.tar.zst
Successfully downloaded msys2-grep-1~3.0-7-x86_64.pkg.tar.zst
Downloading msys2-gzip-1.14-1-x86_64.pkg.tar.zst, trying https://mirror.msys2.org/msys/x86_64/gzip-1.14-1-x86_64.pkg.tar.zst
Successfully downloaded msys2-gzip-1.14-1-x86_64.pkg.tar.zst
Downloading msys2-diffutils-3.12-1-x86_64.pkg.tar.zst, trying https://mirror.msys2.org/msys/x86_64/diffutils-3.12-1-x86_64.pkg.tar.zst
Successfully downloaded msys2-diffutils-3.12-1-x86_64.pkg.tar.zst
Downloading msys2-sed-4.9-1-x86_64.pkg.tar.zst, trying https://mirror.msys2.org/msys/x86_64/sed-4.9-1-x86_64.pkg.tar.zst
Successfully downloaded msys2-sed-4.9-1-x86_64.pkg.tar.zst
-- Using cached msys2-msys2-runtime-3.6.2-2-x86_64.pkg.tar.zst
Downloading msys2-autoconf2.72-2.72-3-any.pkg.tar.zst, trying https://mirror.msys2.org/msys/x86_64/autoconf2.72-2.72-3-any.pkg.tar.zst
Successfully downloaded msys2-autoconf2.72-2.72-3-any.pkg.tar.zst
Downloading msys2-automake1.16-1.16.5-1-any.pkg.tar.zst, trying https://mirror.msys2.org/msys/x86_64/automake1.16-1.16.5-1-any.pkg.tar.zst
Successfully downloaded msys2-automake1.16-1.16.5-1-any.pkg.tar.zst
Downloading msys2-automake1.17-1.17-1-any.pkg.tar.zst, trying https://mirror.msys2.org/msys/x86_64/automake1.17-1.17-1-any.pkg.tar.zst
Successfully downloaded msys2-automake1.17-1.17-1-any.pkg.tar.zst
Downloading msys2-libiconv-1.18-1-x86_64.pkg.tar.zst, trying https://mirror.msys2.org/msys/x86_64/libiconv-1.18-1-x86_64.pkg.tar.zst
Successfully downloaded msys2-libiconv-1.18-1-x86_64.pkg.tar.zst
Downloading msys2-libintl-0.22.5-1-x86_64.pkg.tar.zst, trying https://mirror.msys2.org/msys/x86_64/libintl-0.22.5-1-x86_64.pkg.tar.zst
Successfully downloaded msys2-libintl-0.22.5-1-x86_64.pkg.tar.zst
Downloading msys2-zlib-1.3.1-1-x86_64.pkg.tar.zst, trying https://mirror.msys2.org/msys/x86_64/zlib-1.3.1-1-x86_64.pkg.tar.zst
Successfully downloaded msys2-zlib-1.3.1-1-x86_64.pkg.tar.zst
Downloading msys2-findutils-4.10.0-2-x86_64.pkg.tar.zst, trying https://mirror.msys2.org/msys/x86_64/findutils-4.10.0-2-x86_64.pkg.tar.zst
Successfully downloaded msys2-findutils-4.10.0-2-x86_64.pkg.tar.zst
Downloading msys2-tar-1.35-2-x86_64.pkg.tar.zst, trying https://mirror.msys2.org/msys/x86_64/tar-1.35-2-x86_64.pkg.tar.zst
Successfully downloaded msys2-tar-1.35-2-x86_64.pkg.tar.zst
Downloading msys2-gmp-6.3.0-1-x86_64.pkg.tar.zst, trying https://mirror.msys2.org/msys/x86_64/gmp-6.3.0-1-x86_64.pkg.tar.zst
Successfully downloaded msys2-gmp-6.3.0-1-x86_64.pkg.tar.zst
Downloading msys2-gcc-libs-13.3.0-1-x86_64.pkg.tar.zst, trying https://mirror.msys2.org/msys/x86_64/gcc-libs-13.3.0-1-x86_64.pkg.tar.zst
Successfully downloaded msys2-gcc-libs-13.3.0-1-x86_64.pkg.tar.zst
Downloading msys2-libbz2-1.0.8-4-x86_64.pkg.tar.zst, trying https://mirror.msys2.org/msys/x86_64/libbz2-1.0.8-4-x86_64.pkg.tar.zst
Successfully downloaded msys2-libbz2-1.0.8-4-x86_64.pkg.tar.zst
Downloading msys2-liblzma-5.8.1-1-x86_64.pkg.tar.zst, trying https://mirror.msys2.org/msys/x86_64/liblzma-5.8.1-1-x86_64.pkg.tar.zst
Successfully downloaded msys2-liblzma-5.8.1-1-x86_64.pkg.tar.zst
Downloading msys2-libzstd-1.5.7-1-x86_64.pkg.tar.zst, trying https://mirror.msys2.org/msys/x86_64/libzstd-1.5.7-1-x86_64.pkg.tar.zst
Successfully downloaded msys2-libzstd-1.5.7-1-x86_64.pkg.tar.zst
Downloading msys2-libreadline-8.2.013-1-x86_64.pkg.tar.zst, trying https://mirror.msys2.org/msys/x86_64/libreadline-8.2.013-1-x86_64.pkg.tar.zst
Successfully downloaded msys2-libreadline-8.2.013-1-x86_64.pkg.tar.zst
Downloading msys2-mpfr-4.2.2-1-x86_64.pkg.tar.zst, trying https://mirror.msys2.org/msys/x86_64/mpfr-4.2.2-1-x86_64.pkg.tar.zst
Successfully downloaded msys2-mpfr-4.2.2-1-x86_64.pkg.tar.zst
Downloading msys2-libpcre-8.45-5-x86_64.pkg.tar.zst, trying https://mirror.msys2.org/msys/x86_64/libpcre-8.45-5-x86_64.pkg.tar.zst
Successfully downloaded msys2-libpcre-8.45-5-x86_64.pkg.tar.zst
Downloading msys2-m4-1.4.19-2-x86_64.pkg.tar.zst, trying https://mirror.msys2.org/msys/x86_64/m4-1.4.19-2-x86_64.pkg.tar.zst
Successfully downloaded msys2-m4-1.4.19-2-x86_64.pkg.tar.zst
Downloading msys2-perl-5.38.4-2-x86_64.pkg.tar.zst, trying https://mirror.msys2.org/msys/x86_64/perl-5.38.4-2-x86_64.pkg.tar.zst
Successfully downloaded msys2-perl-5.38.4-2-x86_64.pkg.tar.zst
Downloading msys2-ncurses-6.5.20240831-2-x86_64.pkg.tar.zst, trying https://mirror.msys2.org/msys/x86_64/ncurses-6.5.20240831-2-x86_64.pkg.tar.zst
Successfully downloaded msys2-ncurses-6.5.20240831-2-x86_64.pkg.tar.zst
Downloading msys2-libxcrypt-4.4.38-1-x86_64.pkg.tar.zst, trying https://mirror.msys2.org/msys/x86_64/libxcrypt-4.4.38-1-x86_64.pkg.tar.zst
Successfully downloaded msys2-libxcrypt-4.4.38-1-x86_64.pkg.tar.zst
-- Applying patch C:/Program Files/Microsoft Visual Studio/18/Community/VC/vcpkg/scripts/cmake/compile_wrapper_consider_clang-cl.patch
-- Using msys root at C:/Users/Owner/AppData/Local/vcpkg/downloads/tools/msys2/7c55719f9ca5acf6
-- Using cached msys2-mingw-w64-x86_64-pkgconf-1~2.4.3-1-any.pkg.tar.zst
-- Using cached msys2-msys2-runtime-3.6.2-2-x86_64.pkg.tar.zst
-- Using msys root at C:/Users/Owner/AppData/Local/vcpkg/downloads/tools/msys2/9272adbcaf19caef
-- Configuring x64-windows-dbg
-- Configuring x64-windows-rel
-- Building x64-windows-dbg
-- Installing x64-windows-dbg
-- Building x64-windows-rel
-- Installing x64-windows-rel
-- Installing: D:/ReposGitHub/nLARN/vcpkg_installed/vcpkg/pkgs/libiconv_x64-windows/share/libiconv/usage
-- ビルド後の検証の実行
